<?xml version="1.0" encoding="UTF-8"?>
<testng-results ignored="0" total="1" passed="1" failed="0" skipped="0">
  <reporter-output>
  </reporter-output>
  <suite started-at="2022-11-17T13:20:59 IST" name="Default suite" finished-at="2022-11-17T13:21:04 IST" duration-ms="4471">
    <groups>
      <group name="regression">
        <method signature="adminDashboard.login()[pri:0, instance:TestNGScripts.adminDashboard@43dac38f]" name="login" class="TestNGScripts.adminDashboard"/>
      </group> <!-- regression -->
      <group name="smoke">
        <method signature="adminDashboard.login()[pri:0, instance:TestNGScripts.adminDashboard@43dac38f]" name="login" class="TestNGScripts.adminDashboard"/>
      </group> <!-- smoke -->
    </groups>
    <test started-at="2022-11-17T13:20:59 IST" name="Default test" finished-at="2022-11-17T13:21:04 IST" duration-ms="4471">
      <class name="TestNGScripts.adminDashboard">
        <test-method is-config="true" signature="connectDB()[pri:0, instance:TestNGScripts.adminDashboard@43dac38f]" started-at="2022-11-17T13:20:59 IST" name="connectDB" finished-at="2022-11-17T13:20:59 IST" duration-ms="240" status="PASS">
          <reporter-output>
          </reporter-output>
        </test-method> <!-- connectDB -->
        <test-method is-config="true" signature="launching()[pri:0, instance:TestNGScripts.adminDashboard@43dac38f]" started-at="2022-11-17T13:20:59 IST" name="launching" finished-at="2022-11-17T13:21:01 IST" duration-ms="1884" status="PASS">
          <reporter-output>
          </reporter-output>
        </test-method> <!-- launching -->
        <test-method is-config="true" signature="Userlogin()[pri:0, instance:TestNGScripts.adminDashboard@43dac38f]" started-at="2022-11-17T13:21:01 IST" name="Userlogin" finished-at="2022-11-17T13:21:02 IST" duration-ms="700" status="PASS">
          <reporter-output>
          </reporter-output>
        </test-method> <!-- Userlogin -->
        <test-method signature="login()[pri:0, instance:TestNGScripts.adminDashboard@43dac38f]" started-at="2022-11-17T13:21:02 IST" name="login" finished-at="2022-11-17T13:21:03 IST" duration-ms="1386" status="PASS">
          <reporter-output>
          </reporter-output>
        </test-method> <!-- login -->
        <test-method is-config="true" signature="logout()[pri:0, instance:TestNGScripts.adminDashboard@43dac38f]" started-at="2022-11-17T13:21:03 IST" name="logout" finished-at="2022-11-17T13:21:03 IST" duration-ms="213" status="PASS">
          <reporter-output>
          </reporter-output>
        </test-method> <!-- logout -->
        <test-method is-config="true" signature="closeBrowser()[pri:0, instance:TestNGScripts.adminDashboard@43dac38f]" started-at="2022-11-17T13:21:03 IST" name="closeBrowser" finished-at="2022-11-17T13:21:04 IST" duration-ms="255" status="PASS">
          <reporter-output>
          </reporter-output>
        </test-method> <!-- closeBrowser -->
        <test-method is-config="true" signature="closeDB()[pri:0, instance:TestNGScripts.adminDashboard@43dac38f]" started-at="2022-11-17T13:21:04 IST" name="closeDB" finished-at="2022-11-17T13:21:04 IST" duration-ms="0" status="FAIL">
          <exception class="java.lang.NullPointerException">
            <full-stacktrace>
              <![CDATA[java.lang.NullPointerException
at com.HRA.GenericUtilities.DataBaseUtility.closeDataBase(DataBaseUtility.java:71)
at com.HRA.GenericUtilities.BaseClass.closeDB(BaseClass.java:95)
at java.base/jdk.internal.reflect.NativeMethodAccessorImpl.invoke0(Native Method)
at java.base/jdk.internal.reflect.NativeMethodAccessorImpl.invoke(NativeMethodAccessorImpl.java:62)
at java.base/jdk.internal.reflect.DelegatingMethodAccessorImpl.invoke(DelegatingMethodAccessorImpl.java:43)
at java.base/java.lang.reflect.Method.invoke(Method.java:566)
at org.testng.internal.MethodInvocationHelper.invokeMethod(MethodInvocationHelper.java:133)
at org.testng.internal.MethodInvocationHelper.invokeMethodConsideringTimeout(MethodInvocationHelper.java:62)
at org.testng.internal.ConfigInvoker.invokeConfigurationMethod(ConfigInvoker.java:385)
at org.testng.internal.ConfigInvoker.invokeConfigurations(ConfigInvoker.java:321)
at org.testng.SuiteRunner.privateRun(SuiteRunner.java:344)
at org.testng.SuiteRunner.run(SuiteRunner.java:276)
at org.testng.SuiteRunnerWorker.runSuite(SuiteRunnerWorker.java:53)
at org.testng.SuiteRunnerWorker.run(SuiteRunnerWorker.java:96)
at org.testng.TestNG.runSuitesSequentially(TestNG.java:1212)
at org.testng.TestNG.runSuitesLocally(TestNG.java:1134)
at org.testng.TestNG.runSuites(TestNG.java:1063)
at org.testng.TestNG.run(TestNG.java:1031)
at org.testng.remote.AbstractRemoteTestNG.run(AbstractRemoteTestNG.java:115)
at org.testng.remote.RemoteTestNG.initAndRun(RemoteTestNG.java:251)
at org.testng.remote.RemoteTestNG.main(RemoteTestNG.java:77)
]]>
            </full-stacktrace>
          </exception> <!-- java.lang.NullPointerException -->
          <reporter-output>
          </reporter-output>
        </test-method> <!-- closeDB -->
      </class> <!-- TestNGScripts.adminDashboard -->
    </test> <!-- Default test -->
  </suite> <!-- Default suite -->
</testng-results>
